{"/codebuild/output/src713836235/src/source/custom-resource/lib/cfn/index.js": {"path":"/codebuild/output/src713836235/src/source/custom-resource/lib/cfn/index.js","statementMap":{"0":{"start":{"line":5,"column":14},"end":{"line":5,"column":30}},"1":{"start":{"line":10,"column":21},"end":{"line":42,"column":1}},"2":{"start":{"line":13,"column":2},"end":{"line":40,"column":5}},"3":{"start":{"line":14,"column":25},"end":{"line":23,"column":6}},"4":{"start":{"line":25,"column":19},"end":{"line":34,"column":5}},"5":{"start":{"line":36,"column":8},"end":{"line":36,"column":35}},"6":{"start":{"line":38,"column":8},"end":{"line":38,"column":27}},"7":{"start":{"line":39,"column":8},"end":{"line":39,"column":18}},"8":{"start":{"line":41,"column":4},"end":{"line":41,"column":23}},"9":{"start":{"line":44,"column":0},"end":{"line":46,"column":2}}},"fnMap":{"0":{"name":"(anonymous_0)","decl":{"start":{"line":10,"column":21},"end":{"line":10,"column":22}},"loc":{"start":{"line":10,"column":77},"end":{"line":42,"column":1}},"line":10}},"branchMap":{},"s":{"0":1,"1":1,"2":2,"3":2,"4":2,"5":2,"6":1,"7":1,"8":1,"9":1},"f":{"0":2},"b":{},"_coverageSchema":"1a1c01bbd47fc00a2c39e90264f33305004495a9","hash":"440ee6950f73b11ae1be0428f0aeb9e597af48c6"}
,"/codebuild/output/src713836235/src/source/custom-resource/lib/mediaconvert/index.js": {"path":"/codebuild/output/src713836235/src/source/custom-resource/lib/mediaconvert/index.js","statementMap":{"0":{"start":{"line":5,"column":12},"end":{"line":5,"column":30}},"1":{"start":{"line":11,"column":20},"end":{"line":22,"column":1}},"2":{"start":{"line":13,"column":4},"end":{"line":20,"column":5}},"3":{"start":{"line":14,"column":29},"end":{"line":14,"column":51}},"4":{"start":{"line":15,"column":21},"end":{"line":15,"column":69}},"5":{"start":{"line":16,"column":8},"end":{"line":16,"column":41}},"6":{"start":{"line":18,"column":8},"end":{"line":18,"column":27}},"7":{"start":{"line":19,"column":8},"end":{"line":19,"column":18}},"8":{"start":{"line":21,"column":4},"end":{"line":21,"column":20}},"9":{"start":{"line":25,"column":0},"end":{"line":27,"column":2}}},"fnMap":{"0":{"name":"(anonymous_0)","decl":{"start":{"line":11,"column":20},"end":{"line":11,"column":21}},"loc":{"start":{"line":11,"column":32},"end":{"line":22,"column":1}},"line":11}},"branchMap":{},"s":{"0":1,"1":1,"2":2,"3":2,"4":2,"5":1,"6":1,"7":1,"8":1,"9":1},"f":{"0":2},"b":{},"_coverageSchema":"1a1c01bbd47fc00a2c39e90264f33305004495a9","hash":"f49709541afaaac8f157caf53caca8d88326e806"}
,"/codebuild/output/src713836235/src/source/custom-resource/lib/s3/index.js": {"path":"/codebuild/output/src713836235/src/source/custom-resource/lib/s3/index.js","statementMap":{"0":{"start":{"line":5,"column":12},"end":{"line":5,"column":30}},"1":{"start":{"line":6,"column":11},"end":{"line":6,"column":24}},"2":{"start":{"line":12,"column":20},"end":{"line":31,"column":1}},"3":{"start":{"line":13,"column":4},"end":{"line":13,"column":33}},"4":{"start":{"line":14,"column":4},"end":{"line":29,"column":5}},"5":{"start":{"line":15,"column":19},"end":{"line":15,"column":31}},"6":{"start":{"line":16,"column":8},"end":{"line":20,"column":21}},"7":{"start":{"line":21,"column":8},"end":{"line":25,"column":21}},"8":{"start":{"line":27,"column":8},"end":{"line":27,"column":27}},"9":{"start":{"line":28,"column":8},"end":{"line":28,"column":18}},"10":{"start":{"line":30,"column":4},"end":{"line":30,"column":42}},"11":{"start":{"line":36,"column":24},"end":{"line":112,"column":1}},"12":{"start":{"line":38,"column":4},"end":{"line":111,"column":5}},"13":{"start":{"line":39,"column":19},"end":{"line":39,"column":31}},"14":{"start":{"line":41,"column":8},"end":{"line":107,"column":21}},"15":{"start":{"line":109,"column":8},"end":{"line":109,"column":27}},"16":{"start":{"line":110,"column":8},"end":{"line":110,"column":18}},"17":{"start":{"line":115,"column":0},"end":{"line":118,"column":2}}},"fnMap":{"0":{"name":"(anonymous_0)","decl":{"start":{"line":12,"column":20},"end":{"line":12,"column":21}},"loc":{"start":{"line":12,"column":38},"end":{"line":31,"column":1}},"line":12},"1":{"name":"(anonymous_1)","decl":{"start":{"line":36,"column":24},"end":{"line":36,"column":25}},"loc":{"start":{"line":36,"column":52},"end":{"line":112,"column":1}},"line":36}},"branchMap":{},"s":{"0":1,"1":1,"2":1,"3":2,"4":2,"5":2,"6":2,"7":1,"8":1,"9":1,"10":1,"11":1,"12":2,"13":2,"14":2,"15":1,"16":1,"17":1},"f":{"0":2,"1":2},"b":{},"_coverageSchema":"1a1c01bbd47fc00a2c39e90264f33305004495a9","hash":"51ace328d11138f7afd2a42799549fb23f32b0a1"}
}
