{
  "/codebuild/output/src926407134/src/source/custom-resource/lib/cfn/index.js": {
    "path": "/codebuild/output/src926407134/src/source/custom-resource/lib/cfn/index.js",
    "statementMap": {
      "0": {
        "start": { "line": 5, "column": 14 },
        "end": { "line": 5, "column": 30 }
      },
      "1": {
        "start": { "line": 10, "column": 21 },
        "end": { "line": 42, "column": 1 }
      },
      "2": {
        "start": { "line": 13, "column": 2 },
        "end": { "line": 40, "column": 5 }
      },
      "3": {
        "start": { "line": 14, "column": 25 },
        "end": { "line": 23, "column": 6 }
      },
      "4": {
        "start": { "line": 25, "column": 19 },
        "end": { "line": 34, "column": 5 }
      },
      "5": {
        "start": { "line": 36, "column": 8 },
        "end": { "line": 36, "column": 35 }
      },
      "6": {
        "start": { "line": 38, "column": 8 },
        "end": { "line": 38, "column": 27 }
      },
      "7": {
        "start": { "line": 39, "column": 8 },
        "end": { "line": 39, "column": 18 }
      },
      "8": {
        "start": { "line": 41, "column": 4 },
        "end": { "line": 41, "column": 23 }
      },
      "9": {
        "start": { "line": 44, "column": 0 },
        "end": { "line": 46, "column": 2 }
      }
    },
    "fnMap": {
      "0": {
        "name": "(anonymous_0)",
        "decl": {
          "start": { "line": 10, "column": 21 },
          "end": { "line": 10, "column": 22 }
        },
        "loc": {
          "start": { "line": 10, "column": 77 },
          "end": { "line": 42, "column": 1 }
        },
        "line": 10
      }
    },
    "branchMap": {},
    "s": {
      "0": 1,
      "1": 1,
      "2": 2,
      "3": 2,
      "4": 2,
      "5": 2,
      "6": 1,
      "7": 1,
      "8": 1,
      "9": 1
    },
    "f": { "0": 2 },
    "b": {},
    "_coverageSchema": "1a1c01bbd47fc00a2c39e90264f33305004495a9",
    "hash": "63115191ac1a6207089c5ce70b9463313d97f279"
  },
  "/codebuild/output/src926407134/src/source/custom-resource/lib/mediaconvert/index.js": {
    "path": "/codebuild/output/src926407134/src/source/custom-resource/lib/mediaconvert/index.js",
    "statementMap": {
      "0": {
        "start": { "line": 7, "column": 16 },
        "end": { "line": 7, "column": 68 }
      },
      "1": {
        "start": { "line": 8, "column": 12 },
        "end": { "line": 8, "column": 30 }
      },
      "2": {
        "start": { "line": 14, "column": 20 },
        "end": { "line": 25, "column": 1 }
      },
      "3": {
        "start": { "line": 16, "column": 4 },
        "end": { "line": 23, "column": 5 }
      },
      "4": {
        "start": { "line": 17, "column": 29 },
        "end": { "line": 17, "column": 58 }
      },
      "5": {
        "start": { "line": 18, "column": 21 },
        "end": { "line": 18, "column": 69 }
      },
      "6": {
        "start": { "line": 19, "column": 8 },
        "end": { "line": 19, "column": 41 }
      },
      "7": {
        "start": { "line": 21, "column": 8 },
        "end": { "line": 21, "column": 27 }
      },
      "8": {
        "start": { "line": 22, "column": 8 },
        "end": { "line": 22, "column": 18 }
      },
      "9": {
        "start": { "line": 24, "column": 4 },
        "end": { "line": 24, "column": 20 }
      },
      "10": {
        "start": { "line": 28, "column": 0 },
        "end": { "line": 30, "column": 2 }
      }
    },
    "fnMap": {
      "0": {
        "name": "(anonymous_0)",
        "decl": {
          "start": { "line": 14, "column": 20 },
          "end": { "line": 14, "column": 21 }
        },
        "loc": {
          "start": { "line": 14, "column": 32 },
          "end": { "line": 25, "column": 1 }
        },
        "line": 14
      }
    },
    "branchMap": {},
    "s": {
      "0": 1,
      "1": 1,
      "2": 1,
      "3": 2,
      "4": 2,
      "5": 2,
      "6": 1,
      "7": 1,
      "8": 1,
      "9": 1,
      "10": 1
    },
    "f": { "0": 2 },
    "b": {},
    "_coverageSchema": "1a1c01bbd47fc00a2c39e90264f33305004495a9",
    "hash": "09e6f7f8b614054a06fb49c4fac9baeee5bb7cd9"
  },
  "/codebuild/output/src926407134/src/source/custom-resource/lib/s3/index.js": {
    "path": "/codebuild/output/src926407134/src/source/custom-resource/lib/s3/index.js",
    "statementMap": {
      "0": {
        "start": { "line": 7, "column": 16 },
        "end": { "line": 7, "column": 68 }
      },
      "1": {
        "start": { "line": 8, "column": 12 },
        "end": { "line": 8, "column": 30 }
      },
      "2": {
        "start": { "line": 9, "column": 11 },
        "end": { "line": 9, "column": 24 }
      },
      "3": {
        "start": { "line": 15, "column": 20 },
        "end": { "line": 34, "column": 1 }
      },
      "4": {
        "start": { "line": 16, "column": 4 },
        "end": { "line": 16, "column": 33 }
      },
      "5": {
        "start": { "line": 17, "column": 4 },
        "end": { "line": 32, "column": 5 }
      },
      "6": {
        "start": { "line": 18, "column": 19 },
        "end": { "line": 18, "column": 38 }
      },
      "7": {
        "start": { "line": 19, "column": 8 },
        "end": { "line": 23, "column": 21 }
      },
      "8": {
        "start": { "line": 24, "column": 8 },
        "end": { "line": 28, "column": 21 }
      },
      "9": {
        "start": { "line": 30, "column": 8 },
        "end": { "line": 30, "column": 27 }
      },
      "10": {
        "start": { "line": 31, "column": 8 },
        "end": { "line": 31, "column": 18 }
      },
      "11": {
        "start": { "line": 33, "column": 4 },
        "end": { "line": 33, "column": 42 }
      },
      "12": {
        "start": { "line": 39, "column": 24 },
        "end": { "line": 343, "column": 1 }
      },
      "13": {
        "start": { "line": 41, "column": 4 },
        "end": { "line": 342, "column": 5 }
      },
      "14": {
        "start": { "line": 42, "column": 19 },
        "end": { "line": 42, "column": 38 }
      },
      "15": {
        "start": { "line": 44, "column": 8 },
        "end": { "line": 338, "column": 21 }
      },
      "16": {
        "start": { "line": 340, "column": 8 },
        "end": { "line": 340, "column": 27 }
      },
      "17": {
        "start": { "line": 341, "column": 8 },
        "end": { "line": 341, "column": 18 }
      },
      "18": {
        "start": { "line": 346, "column": 0 },
        "end": { "line": 349, "column": 2 }
      }
    },
    "fnMap": {
      "0": {
        "name": "(anonymous_0)",
        "decl": {
          "start": { "line": 15, "column": 20 },
          "end": { "line": 15, "column": 21 }
        },
        "loc": {
          "start": { "line": 15, "column": 38 },
          "end": { "line": 34, "column": 1 }
        },
        "line": 15
      },
      "1": {
        "name": "(anonymous_1)",
        "decl": {
          "start": { "line": 39, "column": 24 },
          "end": { "line": 39, "column": 25 }
        },
        "loc": {
          "start": { "line": 39, "column": 52 },
          "end": { "line": 343, "column": 1 }
        },
        "line": 39
      }
    },
    "branchMap": {},
    "s": {
      "0": 1,
      "1": 1,
      "2": 1,
      "3": 1,
      "4": 2,
      "5": 2,
      "6": 2,
      "7": 2,
      "8": 1,
      "9": 1,
      "10": 1,
      "11": 1,
      "12": 1,
      "13": 2,
      "14": 2,
      "15": 2,
      "16": 1,
      "17": 1,
      "18": 1
    },
    "f": { "0": 2, "1": 2 },
    "b": {},
    "_coverageSchema": "1a1c01bbd47fc00a2c39e90264f33305004495a9",
    "hash": "2f28ec3fd46606cd8067113b51af4672ca95dccb"
  }
}
