TN:
SF:lib/cfn/index.js
FN:10,(anonymous_0)
FNF:1
FNH:1
FNDA:2,(anonymous_0)
DA:5,1
DA:10,1
DA:13,2
DA:14,2
DA:25,2
DA:36,2
DA:38,1
DA:39,1
DA:41,1
DA:44,1
LF:10
LH:10
BRF:0
BRH:0
end_of_record
TN:
SF:lib/mediaconvert/index.js
FN:11,(anonymous_0)
FNF:1
FNH:1
FNDA:2,(anonymous_0)
DA:5,1
DA:11,1
DA:13,2
DA:14,2
DA:15,2
DA:16,1
DA:18,1
DA:19,1
DA:21,1
DA:25,1
LF:10
LH:10
BRF:0
BRH:0
end_of_record
TN:
SF:lib/s3/index.js
FN:12,(anonymous_0)
FN:36,(anonymous_1)
FNF:2
FNH:2
FNDA:2,(anonymous_0)
FNDA:2,(anonymous_1)
DA:5,1
DA:6,1
DA:12,1
DA:13,2
DA:14,2
DA:15,2
DA:16,2
DA:21,1
DA:27,1
DA:28,1
DA:30,1
DA:36,1
DA:38,2
DA:39,2
DA:41,2
DA:109,1
DA:110,1
DA:115,1
LF:18
LH:18
BRF:0
BRH:0
end_of_record
