TN:
SF:lib/cfn/index.js
FN:10,(anonymous_0)
FNF:1
FNH:1
FNDA:2,(anonymous_0)
DA:5,1
DA:10,1
DA:13,2
DA:14,2
DA:25,2
DA:36,2
DA:38,1
DA:39,1
DA:41,1
DA:44,1
LF:10
LH:10
BRF:0
BRH:0
end_of_record
TN:
SF:lib/mediaconvert/index.js
FN:14,(anonymous_0)
FNF:1
FNH:1
FNDA:2,(anonymous_0)
DA:7,1
DA:8,1
DA:14,1
DA:16,2
DA:17,2
DA:18,2
DA:19,1
DA:21,1
DA:22,1
DA:24,1
DA:28,1
LF:11
LH:11
BRF:0
BRH:0
end_of_record
TN:
SF:lib/s3/index.js
FN:15,(anonymous_0)
FN:39,(anonymous_1)
FNF:2
FNH:2
FNDA:2,(anonymous_0)
FNDA:2,(anonymous_1)
DA:7,1
DA:8,1
DA:9,1
DA:15,1
DA:16,2
DA:17,2
DA:18,2
DA:19,2
DA:24,1
DA:30,1
DA:31,1
DA:33,1
DA:39,1
DA:41,2
DA:42,2
DA:44,2
DA:340,1
DA:341,1
DA:346,1
LF:19
LH:19
BRF:0
BRH:0
end_of_record
