TN:
SF:job-complete/lib/utils.js
FN:13,(anonymous_0)
FN:44,(anonymous_1)
FN:75,(anonymous_2)
FN:77,(anonymous_3)
FN:102,(anonymous_4)
FN:109,(anonymous_5)
FN:133,(anonymous_6)
FN:189,(anonymous_7)
FN:203,(anonymous_8)
FN:204,(anonymous_9)
FNF:10
FNH:8
FNDA:3,(anonymous_0)
FNDA:1,(anonymous_1)
FNDA:2,(anonymous_2)
FNDA:6,(anonymous_3)
FNDA:4,(anonymous_4)
FNDA:4,(anonymous_5)
FNDA:3,(anonymous_6)
FNDA:2,(anonymous_7)
FNDA:0,(anonymous_8)
FNDA:0,(anonymous_9)
DA:5,1
DA:6,1
DA:7,1
DA:13,1
DA:15,3
DA:16,3
DA:17,3
DA:21,3
DA:25,2
DA:27,2
DA:32,1
DA:33,1
DA:43,1
DA:44,1
DA:45,1
DA:46,1
DA:47,1
DA:48,1
DA:49,1
DA:51,0
DA:52,0
DA:55,2
DA:61,1
DA:67,2
DA:75,1
DA:76,2
DA:77,6
DA:78,2
DA:81,2
DA:83,2
DA:84,2
DA:86,1
DA:102,1
DA:103,4
DA:104,2
DA:106,2
DA:107,0
DA:109,2
DA:110,4
DA:118,1
DA:119,6
DA:122,1
DA:123,1
DA:125,1
DA:126,1
DA:133,1
DA:134,3
DA:137,3
DA:140,3
DA:145,1
DA:146,1
DA:152,1
DA:158,1
DA:159,1
DA:163,1
DA:168,1
DA:169,1
DA:170,1
DA:172,3
DA:173,3
DA:179,1
DA:180,1
DA:189,1
DA:190,2
DA:191,2
DA:192,2
DA:193,2
DA:194,2
DA:195,0
DA:196,0
DA:203,0
DA:204,0
DA:205,0
DA:206,0
DA:213,0
DA:221,0
DA:230,0
DA:231,0
DA:233,2
DA:239,1
LF:80
LH:67
BRDA:27,0,0,1
BRDA:27,0,1,1
BRDA:45,1,0,1
BRDA:45,1,1,0
BRDA:103,2,0,2
BRDA:103,2,1,2
BRDA:106,3,0,0
BRDA:106,3,1,2
BRDA:119,4,0,3
BRDA:119,4,1,3
BRDA:140,5,0,1
BRDA:140,5,1,0
BRDA:140,5,2,1
BRDA:140,5,3,1
BRDA:168,6,0,1
BRDA:168,6,1,0
BRDA:205,7,0,0
BRDA:205,7,1,0
BRF:18
BRH:12
end_of_record
