TN:
SF:job-complete/lib/utils.js
FN:13,(anonymous_0)
FN:44,(anonymous_1)
FN:75,(anonymous_2)
FN:77,(anonymous_3)
FN:103,(anonymous_4)
FN:110,(anonymous_5)
FN:134,(anonymous_6)
FN:190,(anonymous_7)
FN:204,(anonymous_8)
FN:205,(anonymous_9)
FNF:10
FNH:10
FNDA:3,(anonymous_0)
FNDA:1,(anonymous_1)
FNDA:2,(anonymous_2)
FNDA:6,(anonymous_3)
FNDA:4,(anonymous_4)
FNDA:4,(anonymous_5)
FNDA:3,(anonymous_6)
FNDA:2,(anonymous_7)
FNDA:8,(anonymous_8)
FNDA:42,(anonymous_9)
DA:5,1
DA:6,1
DA:7,1
DA:13,1
DA:15,3
DA:16,3
DA:17,3
DA:21,3
DA:25,2
DA:27,2
DA:32,1
DA:33,1
DA:43,1
DA:44,1
DA:45,1
DA:46,1
DA:47,1
DA:48,1
DA:49,1
DA:51,0
DA:52,0
DA:55,2
DA:61,1
DA:67,2
DA:75,1
DA:76,2
DA:77,6
DA:78,2
DA:82,2
DA:84,2
DA:85,2
DA:87,1
DA:103,1
DA:104,4
DA:105,2
DA:107,2
DA:108,0
DA:110,2
DA:111,4
DA:119,1
DA:120,6
DA:123,1
DA:124,1
DA:126,1
DA:127,1
DA:134,1
DA:135,3
DA:138,3
DA:141,3
DA:146,1
DA:147,1
DA:153,1
DA:159,1
DA:160,1
DA:164,1
DA:169,1
DA:170,1
DA:171,1
DA:173,3
DA:174,3
DA:180,1
DA:181,1
DA:190,1
DA:191,2
DA:192,2
DA:193,2
DA:194,2
DA:195,2
DA:196,2
DA:197,2
DA:204,2
DA:205,8
DA:206,42
DA:207,2
DA:214,2
DA:222,2
DA:231,2
DA:232,2
DA:234,1
DA:240,1
LF:80
LH:77
BRDA:27,0,0,1
BRDA:27,0,1,1
BRDA:45,1,0,1
BRDA:45,1,1,0
BRDA:104,2,0,2
BRDA:104,2,1,2
BRDA:107,3,0,0
BRDA:107,3,1,2
BRDA:120,4,0,3
BRDA:120,4,1,3
BRDA:141,5,0,1
BRDA:141,5,1,0
BRDA:141,5,2,1
BRDA:141,5,3,1
BRDA:169,6,0,1
BRDA:169,6,1,0
BRDA:206,7,0,2
BRDA:206,7,1,40
BRF:18
BRH:14
end_of_record
