{"/codebuild/output/src713836235/src/source/cdk/lib/vod-foundation-stack.ts": {"path":"/codebuild/output/src713836235/src/source/cdk/lib/vod-foundation-stack.ts","statementMap":{"0":{"start":{"line":1,"column":0},"end":{"line":1,"column":37}},"1":{"start":{"line":2,"column":0},"end":{"line":2,"column":38}},"2":{"start":{"line":3,"column":0},"end":{"line":3,"column":40}},"3":{"start":{"line":4,"column":0},"end":{"line":4,"column":46}},"4":{"start":{"line":5,"column":0},"end":{"line":5,"column":55}},"5":{"start":{"line":6,"column":0},"end":{"line":6,"column":46}},"6":{"start":{"line":7,"column":0},"end":{"line":7,"column":65}},"7":{"start":{"line":8,"column":0},"end":{"line":8,"column":72}},"8":{"start":{"line":12,"column":0},"end":{"line":12,"column":77}},"9":{"start":{"line":13,"column":0},"end":{"line":13,"column":86}},"10":{"start":{"line":14,"column":0},"end":{"line":14,"column":71}},"11":{"start":{"line":19,"column":8},"end":{"line":19,"column":32}},"12":{"start":{"line":23,"column":27},"end":{"line":23,"column":35}},"13":{"start":{"line":24,"column":29},"end":{"line":24,"column":64}},"14":{"start":{"line":25,"column":8},"end":{"line":25,"column":120}},"15":{"start":{"line":29,"column":8},"end":{"line":35,"column":11}},"16":{"start":{"line":39,"column":27},"end":{"line":43,"column":10}},"17":{"start":{"line":47,"column":27},"end":{"line":51,"column":10}},"18":{"start":{"line":55,"column":30},"end":{"line":55,"column":83}},"19":{"start":{"line":56,"column":8},"end":{"line":66,"column":10}},"20":{"start":{"line":70,"column":23},"end":{"line":76,"column":10}},"21":{"start":{"line":77,"column":26},"end":{"line":77,"column":75}},"22":{"start":{"line":78,"column":8},"end":{"line":85,"column":10}},"23":{"start":{"line":89,"column":28},"end":{"line":103,"column":10}},"24":{"start":{"line":109,"column":27},"end":{"line":129,"column":10}},"25":{"start":{"line":134,"column":33},"end":{"line":136,"column":10}},"26":{"start":{"line":137,"column":35},"end":{"line":148,"column":10}},"27":{"start":{"line":149,"column":8},"end":{"line":149,"column":58}},"28":{"start":{"line":153,"column":37},"end":{"line":169,"column":10}},"29":{"start":{"line":171,"column":34},"end":{"line":171,"column":103}},"30":{"start":{"line":172,"column":8},"end":{"line":187,"column":10}},"31":{"start":{"line":191,"column":39},"end":{"line":193,"column":10}},"32":{"start":{"line":198,"column":26},"end":{"line":228,"column":10}},"33":{"start":{"line":230,"column":8},"end":{"line":234,"column":11}},"34":{"start":{"line":236,"column":29},"end":{"line":236,"column":87}},"35":{"start":{"line":237,"column":8},"end":{"line":252,"column":10}},"36":{"start":{"line":260,"column":28},"end":{"line":289,"column":10}},"37":{"start":{"line":290,"column":31},"end":{"line":290,"column":91}},"38":{"start":{"line":291,"column":8},"end":{"line":306,"column":10}},"39":{"start":{"line":311,"column":8},"end":{"line":317,"column":11}},"40":{"start":{"line":322,"column":8},"end":{"line":343,"column":11}},"41":{"start":{"line":349,"column":25},"end":{"line":351,"column":10}},"42":{"start":{"line":352,"column":8},"end":{"line":355,"column":11}},"43":{"start":{"line":359,"column":8},"end":{"line":359,"column":null}},"44":{"start":{"line":364,"column":32},"end":{"line":364,"column":70}},"45":{"start":{"line":365,"column":31},"end":{"line":374,"column":10}},"46":{"start":{"line":375,"column":28},"end":{"line":378,"column":10}},"47":{"start":{"line":379,"column":8},"end":{"line":379,"column":41}},"48":{"start":{"line":380,"column":8},"end":{"line":380,"column":63}},"49":{"start":{"line":381,"column":8},"end":{"line":381,"column":67}},"50":{"start":{"line":382,"column":8},"end":{"line":382,"column":75}},"51":{"start":{"line":383,"column":8},"end":{"line":383,"column":71}},"52":{"start":{"line":384,"column":8},"end":{"line":384,"column":91}},"53":{"start":{"line":385,"column":8},"end":{"line":385,"column":73}},"54":{"start":{"line":387,"column":8},"end":{"line":387,"column":55}},"55":{"start":{"line":388,"column":8},"end":{"line":388,"column":60}},"56":{"start":{"line":390,"column":28},"end":{"line":395,"column":10}},"57":{"start":{"line":396,"column":8},"end":{"line":396,"column":52}},"58":{"start":{"line":401,"column":8},"end":{"line":405,"column":11}},"59":{"start":{"line":406,"column":8},"end":{"line":410,"column":11}},"60":{"start":{"line":411,"column":8},"end":{"line":415,"column":11}},"61":{"start":{"line":416,"column":8},"end":{"line":420,"column":11}},"62":{"start":{"line":17,"column":0},"end":{"line":17,"column":13}}},"fnMap":{"0":{"name":"(anonymous_6)","decl":{"start":{"line":18,"column":4},"end":{"line":18,"column":16}},"loc":{"start":{"line":18,"column":72},"end":{"line":421,"column":5}}}},"branchMap":{},"s":{"0":1,"1":1,"2":1,"3":1,"4":1,"5":1,"6":1,"7":1,"8":1,"9":1,"10":1,"11":1,"12":1,"13":1,"14":1,"15":1,"16":1,"17":1,"18":1,"19":1,"20":1,"21":1,"22":1,"23":1,"24":1,"25":1,"26":1,"27":1,"28":1,"29":1,"30":1,"31":1,"32":1,"33":1,"34":1,"35":1,"36":1,"37":1,"38":1,"39":1,"40":1,"41":1,"42":1,"43":1,"44":1,"45":1,"46":1,"47":1,"48":1,"49":1,"50":1,"51":1,"52":1,"53":1,"54":1,"55":1,"56":1,"57":1,"58":1,"59":1,"60":1,"61":1,"62":1},"f":{"0":1},"b":{}}
}
