TN:
SF:lib/vod-foundation-stack.ts
FN:18,(anonymous_6)
FNF:1
FNH:1
FNDA:1,(anonymous_6)
DA:1,1
DA:2,1
DA:3,1
DA:4,1
DA:5,1
DA:6,1
DA:7,1
DA:8,1
DA:12,1
DA:13,1
DA:14,1
DA:17,1
DA:19,1
DA:23,1
DA:24,1
DA:25,1
DA:29,1
DA:39,1
DA:47,1
DA:55,1
DA:56,1
DA:70,1
DA:77,1
DA:78,1
DA:89,1
DA:109,1
DA:134,1
DA:137,1
DA:149,1
DA:153,1
DA:174,1
DA:175,1
DA:194,1
DA:201,1
DA:234,1
DA:240,1
DA:241,1
DA:264,1
DA:295,1
DA:296,1
DA:316,1
DA:327,1
DA:354,1
DA:357,1
DA:364,1
DA:369,1
DA:370,1
DA:380,1
DA:384,1
DA:385,1
DA:386,1
DA:387,1
DA:388,1
DA:389,1
DA:390,1
DA:392,1
DA:393,1
DA:395,1
DA:401,1
DA:406,1
DA:411,1
DA:416,1
DA:421,1
LF:63
LH:63
BRF:0
BRH:0
end_of_record
