TN:
SF:lib/vod-foundation-stack.ts
FN:18,(anonymous_6)
FNF:1
FNH:1
FNDA:1,(anonymous_6)
DA:1,1
DA:2,1
DA:3,1
DA:4,1
DA:5,1
DA:6,1
DA:7,1
DA:8,1
DA:12,1
DA:13,1
DA:14,1
DA:17,1
DA:19,1
DA:23,1
DA:24,1
DA:25,1
DA:29,1
DA:39,1
DA:47,1
DA:55,1
DA:56,1
DA:70,1
DA:77,1
DA:78,1
DA:89,1
DA:109,1
DA:134,1
DA:137,1
DA:149,1
DA:153,1
DA:171,1
DA:172,1
DA:191,1
DA:198,1
DA:230,1
DA:236,1
DA:237,1
DA:260,1
DA:290,1
DA:291,1
DA:311,1
DA:322,1
DA:349,1
DA:352,1
DA:359,1
DA:364,1
DA:365,1
DA:375,1
DA:379,1
DA:380,1
DA:381,1
DA:382,1
DA:383,1
DA:384,1
DA:385,1
DA:387,1
DA:388,1
DA:390,1
DA:396,1
DA:401,1
DA:406,1
DA:411,1
DA:416,1
LF:63
LH:63
BRF:0
BRH:0
end_of_record
