TN:
SF:job-submit/lib/utils.js
FN:10,(anonymous_0)
FN:44,(anonymous_1)
FN:46,(anonymous_2)
FN:118,(anonymous_3)
FN:135,(anonymous_4)
FNF:5
FNH:5
FNDA:3,(anonymous_0)
FNDA:2,(anonymous_1)
FNDA:10,(anonymous_2)
FNDA:2,(anonymous_3)
FNDA:2,(anonymous_4)
DA:5,1
DA:10,1
DA:11,3
DA:13,3
DA:17,3
DA:18,3
DA:22,2
DA:27,2
DA:28,1
DA:31,2
DA:36,1
DA:44,1
DA:45,2
DA:46,2
DA:47,10
DA:48,10
DA:49,10
DA:50,5
DA:52,5
DA:54,10
DA:56,0
DA:59,2
DA:60,2
DA:61,2
DA:62,2
DA:63,2
DA:64,2
DA:65,2
DA:66,2
DA:67,2
DA:68,10
DA:70,2
DA:71,2
DA:73,2
DA:74,2
DA:76,2
DA:77,2
DA:79,2
DA:80,2
DA:82,2
DA:83,2
DA:85,0
DA:91,2
DA:92,2
DA:94,2
DA:98,2
DA:99,0
DA:105,2
DA:107,0
DA:112,2
DA:118,1
DA:119,2
DA:122,2
DA:123,2
DA:124,1
DA:126,1
DA:127,1
DA:135,1
DA:136,2
DA:137,2
DA:140,2
DA:141,2
DA:145,2
DA:151,1
DA:152,1
DA:157,1
LF:66
LH:62
BRDA:27,0,0,1
BRDA:27,0,1,1
BRDA:27,1,0,2
BRDA:27,1,1,1
BRDA:27,1,2,0
BRDA:49,2,0,5
BRDA:49,2,1,5
BRDA:68,3,0,2
BRDA:68,3,1,2
BRDA:68,3,2,2
BRDA:68,3,3,2
BRDA:68,3,4,2
BRDA:68,3,5,0
BRDA:91,4,0,2
BRDA:91,4,1,0
BRDA:98,5,0,0
BRDA:98,5,1,2
BRDA:98,6,0,2
BRDA:98,6,1,0
BRF:19
BRH:14
end_of_record
